2025-05-08 04:26:25.386: [INFO] VisibilityChanged: 0
2025-05-08 04:26:25.428: [INFO] RecordSyncInitDuration has_sync_been_enabled: 0 state: 0
2025-05-08 04:26:25.429: [INFO] RecordSyncInitDuration has_sync_been_enabled: 0 state: 0
2025-05-08 04:26:25.430: [INFO] RecordSyncInitDuration has_sync_been_enabled: 0 state: 0
2025-05-08 04:26:25.430: [INFO] RecordSyncInitDuration has_sync_been_enabled: 0 state: 0
2025-05-08 04:26:25.431: [INFO] RecordSyncInitDuration has_sync_been_enabled: 0 state: 0
2025-05-08 04:26:25.431: [INFO] RecordSyncInitDuration has_sync_been_enabled: 0 state: 0
2025-05-08 04:26:25.432: [INFO] RecordSyncInitDuration has_sync_been_enabled: 0 state: 0
2025-05-08 04:26:25.433: [INFO] RecordSyncInitDuration has_sync_been_enabled: 0 state: 0
2025-05-08 04:26:25.433: [INFO] RecordSyncInitDuration has_sync_been_enabled: 0 state: 0
2025-05-08 04:26:25.434: [INFO] RecordSyncInitDuration has_sync_been_enabled: 0 state: 0
2025-05-08 04:26:25.434: [INFO] RecordSyncInitDuration has_sync_been_enabled: 0 state: 0
2025-05-08 04:26:25.442: [INFO] BookmarkModelLoaded, ids_reassigned: 0
2025-05-08 04:26:25.442: [INFO] OnDoneLoading sync enabled: 0
2025-05-08 04:26:25.445: [INFO] RecordSyncInitDuration has_sync_been_enabled: 0 state: 0
2025-05-08 04:26:25.593: [INFO] RecordSyncInitDuration has_sync_been_enabled: 0 state: 3
2025-05-08 04:26:25.596: [INFO] Primary account changed.
2025-05-08 04:26:25.596: [INFO] OnPrimaryAccountChanged PrimaryAccountChangeEvent::Type::kSet
2025-05-08 04:26:25.598: [INFO] RecordSyncInitDuration has_sync_been_enabled: 0 state: 3
2025-05-08 04:26:29.481: [INFO] VisibilityChanged: 1
2025-05-08 04:26:29.770: [INFO] BookmarkNodeAdded, ABU: 0
2025-05-08 04:26:29.770: [INFO] BookmarkNodeAdded, ABU: 0
2025-05-08 04:26:29.770: [INFO] BookmarkNodeAdded, ABU: 0
2025-05-08 04:26:29.770: [INFO] BookmarkNodeAdded, ABU: 0
2025-05-08 04:26:29.771: [INFO] BookmarkNodeAdded, ABU: 0
2025-05-08 04:26:29.771: [INFO] BookmarkNodeAdded, ABU: 0
2025-05-08 04:26:29.771: [INFO] BookmarkNodeAdded, ABU: 0
2025-05-08 04:26:29.771: [INFO] BookmarkNodeAdded, ABU: 0
2025-05-08 04:26:29.771: [INFO] BookmarkNodeAdded, ABU: 0
2025-05-08 04:26:29.771: [INFO] BookmarkNodeAdded, ABU: 0
2025-05-08 04:26:29.771: [INFO] BookmarkNodeAdded, ABU: 0
2025-05-08 04:26:29.771: [INFO] BookmarkNodeAdded, ABU: 0
2025-05-08 04:26:29.772: [INFO] BookmarkNodeAdded, ABU: 0
2025-05-08 04:26:29.772: [INFO] BookmarkNodeAdded, ABU: 0
2025-05-08 04:26:29.772: [INFO] BookmarkNodeAdded, ABU: 0
2025-05-08 04:26:29.772: [INFO] BookmarkNodeAdded, ABU: 0
2025-05-08 04:26:29.772: [INFO] BookmarkNodeAdded, ABU: 0
2025-05-08 04:26:29.772: [INFO] BookmarkNodeAdded, ABU: 0
2025-05-08 04:26:29.772: [INFO] BookmarkNodeAdded, ABU: 0
2025-05-08 04:26:29.773: [INFO] BookmarkNodeAdded, ABU: 0
2025-05-08 04:26:29.773: [INFO] BookmarkNodeAdded, ABU: 0
2025-05-08 04:26:29.773: [INFO] BookmarkNodeAdded, ABU: 0
2025-05-08 04:26:29.773: [INFO] BookmarkNodeAdded, ABU: 0
2025-05-08 04:26:29.773: [INFO] BookmarkNodeAdded, ABU: 0
2025-05-08 04:26:29.773: [INFO] BookmarkNodeAdded, ABU: 0
2025-05-08 04:26:29.773: [INFO] BookmarkNodeAdded, ABU: 0
2025-05-08 04:26:29.773: [INFO] BookmarkNodeAdded, ABU: 0
2025-05-08 04:26:29.773: [INFO] BookmarkNodeAdded, ABU: 0
2025-05-08 04:26:29.774: [INFO] BookmarkNodeAdded, ABU: 0
2025-05-08 04:26:29.774: [INFO] BookmarkNodeAdded, ABU: 0
2025-05-08 04:26:29.774: [INFO] BookmarkNodeAdded, ABU: 0
2025-05-08 04:26:29.774: [INFO] BookmarkNodeAdded, ABU: 0
2025-05-08 04:26:29.774: [INFO] BookmarkNodeAdded, ABU: 0
2025-05-08 04:26:29.774: [INFO] BookmarkNodeAdded, ABU: 0
2025-05-08 04:26:29.774: [INFO] BookmarkNodeAdded, ABU: 0
2025-05-08 04:26:29.774: [INFO] BookmarkNodeAdded, ABU: 0
2025-05-08 04:26:29.775: [INFO] BookmarkNodeAdded, ABU: 0
2025-05-08 04:26:29.775: [INFO] BookmarkNodeAdded, ABU: 0
2025-05-08 04:26:29.775: [INFO] BookmarkNodeAdded, ABU: 0
2025-05-08 04:26:29.775: [INFO] BookmarkNodeAdded, ABU: 0
2025-05-08 04:26:29.775: [INFO] BookmarkNodeAdded, ABU: 0
2025-05-08 04:26:29.775: [INFO] BookmarkNodeAdded, ABU: 0
2025-05-08 04:26:29.775: [INFO] BookmarkNodeAdded, ABU: 0
2025-05-08 04:26:29.775: [INFO] BookmarkNodeAdded, ABU: 0
2025-05-08 04:26:29.776: [INFO] BookmarkNodeAdded, ABU: 0
2025-05-08 04:26:29.776: [INFO] BookmarkNodeAdded, ABU: 0
2025-05-08 04:26:29.776: [INFO] BookmarkNodeAdded, ABU: 0
2025-05-08 04:26:29.776: [INFO] BookmarkNodeAdded, ABU: 0
2025-05-08 04:26:29.776: [INFO] BookmarkNodeAdded, ABU: 0
2025-05-08 04:26:29.776: [INFO] BookmarkNodeAdded, ABU: 0
2025-05-08 04:26:29.776: [INFO] BookmarkNodeAdded, ABU: 0
2025-05-08 04:26:29.776: [INFO] BookmarkNodeAdded, ABU: 0
2025-05-08 04:26:30.179: [INFO] Sync initialization duration: 4156ms
2025-05-08 04:31:14.913: [INFO] VisibilityChanged: 0
