{"logTime": "0508/042627", "correlationVector":"UbCZlYMBvIBwuNtWdEJV0q.1","action":"SyncServerConnectionManagerRequest", "result":"SYNC_SERVER_OK", "context":{"environment":"Prod_centralus_prod-s01-068-nam-centralus", "migrationStage":"NotStarted", "server":"akswtt00700001a"}}
{"logTime": "0508/042627", "correlationVector":"UbCZlYMBvIBwuNtWdEJV0q.2","action":"ProcessGetUpdates", "result":"Done", "context":{"dataType":"Encryption Keys", "deleted":"0", "process_failed_to_decrypt":"0", "process_pending_decryption":"0", "process_success":"1", "total":"1"}}
{"logTime": "0508/042628", "correlationVector":"TdffGa8k97QdE69mcGqGpr","action":"SyncServerConnectionManagerRequest", "result":"SYNC_SERVER_OK", "context":{"environment":"", "migrationStage":"", "server":""}}
{"logTime": "0508/042628", "correlationVector":"TdffGa8k97QdE69mcGqGpr.0","action":"EncryptionKeysFetcher.DownloadKeys:", "result":"Success", "context":Key count: 8, Last key timestamp: 2025-03-15T19:51:25Z}
{"logTime": "0508/042628", "correlationVector":"TdffGa8k97QdE69mcGqGpr.1","action":"EncryptionKeysManager::SetEncryptionKeys:", "result":"Success", "context":Key names[8]:[OGv7DRxR+w3zEf5FrfXl8d7M4ElLYPiuikDRyOHeJD3ymrwYSFLKXkDWC7P6QTZKJr0ViwZkLdDx82jFDPOpqQ==][DWbzWIHQER8FdoerqbQtoIXAk6WZcCXAvD7UO1/tcPlFFItS9bpobE35uGC7kqTY2QQB6rBanbU0mk1ae0xakw==][EZGMY3CJL6MRhrJjTVu3rky7Cpbc0RRj1eiBZA5fXXcNiF3OplOJEZ4MY7SB8fya5o3Yt2zszs/aFQFDV0jgkA==][YbXS4MRxBelA/DosdK2MNPrbjKCYtKXkt2cll835oDt6LQ9wVu4LlUoLpAOCdhbGBrVUkyHbqYO7w47oWJ2sug==][Xy95YTqrplF7QHZgbMSfx7DDAxbOAulR0sfFUdv4JHz8B6hxPvVaeYDYxCGUfvSSYtl7lNL/aP3jzEj5GNGLmQ==][MV5BuY9ne3yLKK6YSiGsBFxZRw9U2vsz9eIxb1IbpdOjqQeLhxfTZ0pbqX/7B4ahEfRsMeXqUVAmBcD3KlhNWw==][6KPS8UWu7e6ILEonLTMse36iQ4B6MOJK8ODlvbnYseBN3NKn3fpjLcysV55bp6/9wxMPhPpjoPi9Eq97wsXt6w==][2Y5DnMzL0WvR4u6aKkGgvW6u6lzNXsE029poPCwWXtRmAFPmEwxo10CrG1X/8GIYq8TI+tPB2eBs8Z5/uQOIFg==]}
{"logTime": "0508/042628", "correlationVector":"TdffGa8k97QdE69mcGqGpr.2","action":"EncryptionKeysManager::SetEncryptionKeysWithTimestamps:", "result":"Success", "context":Key timestamps[8]:[2020-09-09T22:45:36Z][2021-08-30T01:50:23Z][2022-09-18T14:24:29Z][2023-03-19T17:24:01Z][2023-09-19T00:00:09Z][2024-03-18T17:41:42Z][2024-09-16T04:11:38Z][2025-03-15T19:51:25Z]}
{"logTime": "0508/042628", "correlationVector":"UbCZlYMBvIBwuNtWdEJV0q","action":"Initial GetUpdates", "result":"", "context":Reason: NEW_CLIENT. cV=UbCZlYMBvIBwuNtWdEJV0q}
{"logTime": "0508/042628", "correlationVector":"UbCZlYMBvIBwuNtWdEJV0q.3","action":"GetUpdates Response", "result":"Success", "context":Received 1 update(s). cV=UbCZlYMBvIBwuNtWdEJV0q.0;server=akswtt00700001a;cloudType=Consumer;environment=Prod_centralus_prod-s01-068-nam-centralus;migrationStage=NotStarted}
{"logTime": "0508/042628", "correlationVector":"GR9M3RSesr+2takFss+cT/","action":"Initial GetUpdates", "result":"", "context":Reason: NEWLY_SUPPORTED_DATATYPE. cV=GR9M3RSesr+2takFss+cT/}
{"logTime": "0508/042629", "correlationVector":"GR9M3RSesr+2takFss+cT/.1","action":"SyncServerConnectionManagerRequest", "result":"SYNC_SERVER_OK", "context":{"environment":"Prod_centralus_prod-s01-068-nam-centralus", "migrationStage":"NotStarted", "server":"akswtt00700002q"}}
{"logTime": "0508/042629", "correlationVector":"GR9M3RSesr+2takFss+cT/.2","action":"ProcessGetUpdates", "result":"Done", "context":{"dataType":"Preferences", "deleted":"0", "process_failed_to_decrypt":"0", "process_pending_decryption":"0", "process_success":"83", "total":"83"}}
{"logTime": "0508/042629", "correlationVector":"GR9M3RSesr+2takFss+cT/.3","action":"ProcessGetUpdates", "result":"Done", "context":{"dataType":"Passwords", "deleted":"0", "process_failed_to_decrypt":"0", "process_pending_decryption":"0", "process_success":"141", "total":"141"}}
{"logTime": "0508/042629", "correlationVector":"GR9M3RSesr+2takFss+cT/.4","action":"ProcessGetUpdates", "result":"Done", "context":{"dataType":"Device Info", "deleted":"0", "process_failed_to_decrypt":"0", "process_pending_decryption":"0", "process_success":"26", "total":"26"}}
{"logTime": "0508/042629", "correlationVector":"GR9M3RSesr+2takFss+cT/.5","action":"GetUpdates Response", "result":"Success", "context":Received 250 update(s). cV=GR9M3RSesr+2takFss+cT/.0;server=akswtt00700002q;cloudType=Consumer;environment=Prod_centralus_prod-s01-068-nam-centralus;migrationStage=NotStarted Some updates remain.}
{"logTime": "0508/042629", "correlationVector":"I4VCxjT5lhU175Ml+HE8hP","action":"Initial GetUpdates", "result":"", "context":Reason: NEWLY_SUPPORTED_DATATYPE. cV=I4VCxjT5lhU175Ml+HE8hP}
{"logTime": "0508/042629", "correlationVector":"I4VCxjT5lhU175Ml+HE8hP.1","action":"SyncServerConnectionManagerRequest", "result":"SYNC_SERVER_OK", "context":{"environment":"Prod_centralus_prod-s01-068-nam-centralus", "migrationStage":"NotStarted", "server":"akswtt00700002v"}}
{"logTime": "0508/042629", "correlationVector":"I4VCxjT5lhU175Ml+HE8hP.2","action":"ProcessGetUpdates", "result":"Done", "context":{"dataType":"Preferences", "deleted":"0", "process_failed_to_decrypt":"0", "process_pending_decryption":"0", "process_success":"10", "total":"10"}}
{"logTime": "0508/042629", "correlationVector":"I4VCxjT5lhU175Ml+HE8hP.3","action":"ProcessGetUpdates", "result":"Done", "context":{"dataType":"Passwords", "deleted":"0", "process_failed_to_decrypt":"0", "process_pending_decryption":"0", "process_success":"184", "total":"184"}}
{"logTime": "0508/042629", "correlationVector":"I4VCxjT5lhU175Ml+HE8hP.4","action":"ProcessGetUpdates", "result":"Done", "context":{"dataType":"Device Info", "deleted":"0", "process_failed_to_decrypt":"0", "process_pending_decryption":"0", "process_success":"1", "total":"1"}}
{"logTime": "0508/042629", "correlationVector":"I4VCxjT5lhU175Ml+HE8hP.5","action":"GetUpdates Response", "result":"Success", "context":Received 195 update(s). cV=I4VCxjT5lhU175Ml+HE8hP.0;server=akswtt00700002v;cloudType=Consumer;environment=Prod_centralus_prod-s01-068-nam-centralus;migrationStage=NotStarted}
{"logTime": "0508/042629", "correlationVector":"bLSTPeC5TOlHrY3xqSlVO7","action":"Initial GetUpdates", "result":"", "context":Reason: NEWLY_SUPPORTED_DATATYPE. cV=bLSTPeC5TOlHrY3xqSlVO7}
{"logTime": "0508/042629", "correlationVector":"bLSTPeC5TOlHrY3xqSlVO7.1","action":"SyncServerConnectionManagerRequest", "result":"SYNC_SERVER_OK", "context":{"environment":"Prod_centralus_prod-s01-068-nam-centralus", "migrationStage":"NotStarted", "server":"akswtt007000033"}}
{"logTime": "0508/042629", "correlationVector":"bLSTPeC5TOlHrY3xqSlVO7.2","action":"ProcessGetUpdates", "result":"Done", "context":{"dataType":"Bookmarks", "deleted":"0", "process_failed_to_decrypt":"0", "process_pending_decryption":"0", "process_success":"57", "total":"57"}}
{"logTime": "0508/042629", "correlationVector":"bLSTPeC5TOlHrY3xqSlVO7.3","action":"GetUpdates Response", "result":"Success", "context":Received 57 update(s). cV=bLSTPeC5TOlHrY3xqSlVO7.0;server=akswtt007000033;cloudType=Consumer;environment=Prod_centralus_prod-s01-068-nam-centralus;migrationStage=NotStarted}
{"logTime": "0508/042629", "correlationVector":"XazBYQODlz2xo+Be5u/X/L","action":"Initial GetUpdates", "result":"", "context":Reason: NEWLY_SUPPORTED_DATATYPE. cV=XazBYQODlz2xo+Be5u/X/L}
{"logTime": "0508/042630", "correlationVector":"XazBYQODlz2xo+Be5u/X/L.1","action":"SyncServerConnectionManagerRequest", "result":"SYNC_SERVER_OK", "context":{"environment":"Prod_centralus_prod-s01-068-nam-centralus", "migrationStage":"NotStarted", "server":"akswtt00700002q"}}
{"logTime": "0508/042630", "correlationVector":"XazBYQODlz2xo+Be5u/X/L.2","action":"ProcessGetUpdates", "result":"Done", "context":{"dataType":"Autofill Profiles", "deleted":"3", "process_failed_to_decrypt":"0", "process_pending_decryption":"0", "process_success":"5", "total":"5"}}
{"logTime": "0508/042630", "correlationVector":"XazBYQODlz2xo+Be5u/X/L.3","action":"ProcessGetUpdates", "result":"Done", "context":{"dataType":"Autofill", "deleted":"0", "process_failed_to_decrypt":"0", "process_pending_decryption":"0", "process_success":"50", "total":"50"}}
{"logTime": "0508/042630", "correlationVector":"XazBYQODlz2xo+Be5u/X/L.4","action":"ProcessGetUpdates", "result":"Done", "context":{"dataType":"Extensions", "deleted":"1", "process_failed_to_decrypt":"0", "process_pending_decryption":"0", "process_success":"8", "total":"8"}}
{"logTime": "0508/042630", "correlationVector":"XazBYQODlz2xo+Be5u/X/L.5","action":"ProcessGetUpdates", "result":"Done", "context":{"dataType":"Sessions", "deleted":"34", "process_failed_to_decrypt":"0", "process_pending_decryption":"0", "process_success":"37", "total":"37"}}
{"logTime": "0508/042630", "correlationVector":"XazBYQODlz2xo+Be5u/X/L.6","action":"ProcessGetUpdates", "result":"Done", "context":{"dataType":"Extension settings", "deleted":"1", "process_failed_to_decrypt":"0", "process_pending_decryption":"0", "process_success":"1", "total":"1"}}
{"logTime": "0508/042630", "correlationVector":"XazBYQODlz2xo+Be5u/X/L.7","action":"ProcessGetUpdates", "result":"Done", "context":{"dataType":"Web Apps", "deleted":"0", "process_failed_to_decrypt":"0", "process_pending_decryption":"0", "process_success":"1", "total":"1"}}
{"logTime": "0508/042630", "correlationVector":"XazBYQODlz2xo+Be5u/X/L.8","action":"ProcessGetUpdates", "result":"Done", "context":{"dataType":"Edge Hub App Usage", "deleted":"7", "process_failed_to_decrypt":"0", "process_pending_decryption":"0", "process_success":"11", "total":"11"}}
{"logTime": "0508/042630", "correlationVector":"XazBYQODlz2xo+Be5u/X/L.9","action":"GetUpdates Response", "result":"Success", "context":Received 113 update(s). cV=XazBYQODlz2xo+Be5u/X/L.0;server=akswtt00700002q;cloudType=Consumer;environment=Prod_centralus_prod-s01-068-nam-centralus;migrationStage=NotStarted}
{"logTime": "0508/042630", "correlationVector":"Srv8dqVxpP+mWNvnqzQQB/","action":"Initial GetUpdates", "result":"", "context":Reason: NEWLY_SUPPORTED_DATATYPE. cV=Srv8dqVxpP+mWNvnqzQQB/}
{"logTime": "0508/042630", "correlationVector":"Srv8dqVxpP+mWNvnqzQQB/.1","action":"SyncServerConnectionManagerRequest", "result":"SYNC_SERVER_OK", "context":{"environment":"Prod_centralus_prod-s01-068-nam-centralus", "migrationStage":"NotStarted", "server":"akswtt00700002f"}}
{"logTime": "0508/042630", "correlationVector":"Srv8dqVxpP+mWNvnqzQQB/.2","action":"ProcessGetUpdates", "result":"Done", "context":{"dataType":"History", "deleted":"0", "process_failed_to_decrypt":"0", "process_pending_decryption":"0", "process_success":"128", "total":"128"}}
{"logTime": "0508/042630", "correlationVector":"Srv8dqVxpP+mWNvnqzQQB/.3","action":"GetUpdates Response", "result":"Success", "context":Received 128 update(s). cV=Srv8dqVxpP+mWNvnqzQQB/.0;server=akswtt00700002f;cloudType=Consumer;environment=Prod_centralus_prod-s01-068-nam-centralus;migrationStage=NotStarted}
{"logTime": "0508/042630", "correlationVector":"xBY19dTprJj4impYtzkZ+s","action":"Normal GetUpdate request", "result":"", "context":cV=xBY19dTprJj4impYtzkZ+s
Nudged types: Passwords, Sessions, Device Info, User Consents
Refresh requested types: Bookmarks, Preferences, Passwords, Autofill Profiles, Autofill, Extensions, Sessions, Extension settings, History Delete Directives, Device Info, User Consents, Send Tab To Self, Web Apps, History, Saved Tab Group, Collection, Edge E Drop, Edge Hub App Usage, Edge Tab Group, Edge Wallet, Encryption Keys}
{"logTime": "0508/042630", "correlationVector":"xBY19dTprJj4impYtzkZ+s.1","action":"SyncServerConnectionManagerRequest", "result":"SYNC_SERVER_OK", "context":{"environment":"Prod_centralus_prod-s01-068-nam-centralus", "migrationStage":"NotStarted", "server":"akswtt00700002v"}}
{"logTime": "0508/042630", "correlationVector":"xBY19dTprJj4impYtzkZ+s.2","action":"GetUpdates Response", "result":"Success", "context":Received 0 update(s). cV=xBY19dTprJj4impYtzkZ+s.0;server=akswtt00700002v;cloudType=Consumer;environment=Prod_centralus_prod-s01-068-nam-centralus;migrationStage=NotStarted}
{"logTime": "0508/042630", "correlationVector":"6+Pbo/pQFmRypy+31n4bnn","action":"Commit Request", "result":"", "context":Item count: 5
Contributing types: Passwords, Sessions, Device Info, User Consents}
{"logTime": "0508/042631", "correlationVector":"6+Pbo/pQFmRypy+31n4bnn.1","action":"SyncServerConnectionManagerRequest", "result":"SYNC_SERVER_OK", "context":{"environment":"Prod_centralus_prod-s01-068-nam-centralus", "migrationStage":"NotStarted", "server":"akswtt007000035"}}
{"logTime": "0508/042631", "correlationVector":"6+Pbo/pQFmRypy+31n4bnn.2","action":"Commit Response", "result":"Success", "context":Result: Success. cV=6+Pbo/pQFmRypy+31n4bnn.0;server=akswtt007000035;cloudType=Consumer;environment=Prod_centralus_prod-s01-068-nam-centralus;migrationStage=NotStarted}
{"logTime": "0508/042632", "correlationVector":"p3/a5WHL3PgpEXrHPFrZnN","action":"Commit Request", "result":"", "context":Item count: 1
Contributing types: User Consents}
{"logTime": "0508/042632", "correlationVector":"p3/a5WHL3PgpEXrHPFrZnN.1","action":"SyncServerConnectionManagerRequest", "result":"SYNC_SERVER_OK", "context":{"environment":"Prod_centralus_prod-s01-068-nam-centralus", "migrationStage":"NotStarted", "server":"akswtt00700002v"}}
{"logTime": "0508/042632", "correlationVector":"p3/a5WHL3PgpEXrHPFrZnN.2","action":"Commit Response", "result":"Success", "context":Result: Success. cV=p3/a5WHL3PgpEXrHPFrZnN.0;server=akswtt00700002v;cloudType=Consumer;environment=Prod_centralus_prod-s01-068-nam-centralus;migrationStage=NotStarted}
{"logTime": "0508/042632", "correlationVector":"9FeRff6GX160XlM6BfTxdE","action":"Commit Request", "result":"", "context":Item count: 1
Contributing types: Web Apps}
{"logTime": "0508/042633", "correlationVector":"9FeRff6GX160XlM6BfTxdE.1","action":"SyncServerConnectionManagerRequest", "result":"SYNC_SERVER_OK", "context":{"environment":"Prod_centralus_prod-s01-068-nam-centralus", "migrationStage":"NotStarted", "server":"akswtt007000035"}}
{"logTime": "0508/042633", "correlationVector":"9FeRff6GX160XlM6BfTxdE.2","action":"Commit Response", "result":"Success", "context":Result: Success. cV=9FeRff6GX160XlM6BfTxdE.0;server=akswtt007000035;cloudType=Consumer;environment=Prod_centralus_prod-s01-068-nam-centralus;migrationStage=NotStarted}
{"logTime": "0508/042643", "correlationVector":"KeSS+Vazmui3yqAsWuhNq3","action":"Commit Request", "result":"", "context":Item count: 40
Contributing types: Passwords}
{"logTime": "0508/042645", "correlationVector":"KeSS+Vazmui3yqAsWuhNq3.1","action":"SyncServerConnectionManagerRequest", "result":"SYNC_SERVER_OK", "context":{"environment":"Prod_centralus_prod-s01-068-nam-centralus", "migrationStage":"NotStarted", "server":"akswtt00700001n"}}
{"logTime": "0508/042645", "correlationVector":"KeSS+Vazmui3yqAsWuhNq3.2","action":"Commit Response", "result":"Success", "context":Result: Success. cV=KeSS+Vazmui3yqAsWuhNq3.0;server=akswtt00700001n;cloudType=Consumer;environment=Prod_centralus_prod-s01-068-nam-centralus;migrationStage=NotStarted}
{"logTime": "0508/042645", "correlationVector":"8vjfXlsDuIaFlZzQRAxhCY","action":"Commit Request", "result":"", "context":Item count: 40
Contributing types: Passwords}
{"logTime": "0508/042647", "correlationVector":"8vjfXlsDuIaFlZzQRAxhCY.1","action":"SyncServerConnectionManagerRequest", "result":"SYNC_SERVER_OK", "context":{"environment":"Prod_centralus_prod-s01-068-nam-centralus", "migrationStage":"NotStarted", "server":"akswtt00700002q"}}
{"logTime": "0508/042647", "correlationVector":"8vjfXlsDuIaFlZzQRAxhCY.2","action":"Commit Response", "result":"Success", "context":Result: Success. cV=8vjfXlsDuIaFlZzQRAxhCY.0;server=akswtt00700002q;cloudType=Consumer;environment=Prod_centralus_prod-s01-068-nam-centralus;migrationStage=NotStarted}
{"logTime": "0508/042647", "correlationVector":"BL3SOo29ufh60NDWrpjywT","action":"Commit Request", "result":"", "context":Item count: 40
Contributing types: Passwords}
{"logTime": "0508/042649", "correlationVector":"BL3SOo29ufh60NDWrpjywT.1","action":"SyncServerConnectionManagerRequest", "result":"SYNC_SERVER_OK", "context":{"environment":"Prod_centralus_prod-s01-068-nam-centralus", "migrationStage":"NotStarted", "server":"akswtt00700002f"}}
{"logTime": "0508/042649", "correlationVector":"BL3SOo29ufh60NDWrpjywT.2","action":"Commit Response", "result":"Success", "context":Result: Success. cV=BL3SOo29ufh60NDWrpjywT.0;server=akswtt00700002f;cloudType=Consumer;environment=Prod_centralus_prod-s01-068-nam-centralus;migrationStage=NotStarted}
{"logTime": "0508/042649", "correlationVector":"yMJQc8+BwpOyF3Nm9gA0b9","action":"Commit Request", "result":"", "context":Item count: 40
Contributing types: Passwords}
{"logTime": "0508/042651", "correlationVector":"yMJQc8+BwpOyF3Nm9gA0b9.1","action":"SyncServerConnectionManagerRequest", "result":"SYNC_SERVER_OK", "context":{"environment":"Prod_centralus_prod-s01-068-nam-centralus", "migrationStage":"NotStarted", "server":"akswtt00700002v"}}
{"logTime": "0508/042651", "correlationVector":"yMJQc8+BwpOyF3Nm9gA0b9.2","action":"Commit Response", "result":"Success", "context":Result: Success. cV=yMJQc8+BwpOyF3Nm9gA0b9.0;server=akswtt00700002v;cloudType=Consumer;environment=Prod_centralus_prod-s01-068-nam-centralus;migrationStage=NotStarted}
{"logTime": "0508/042651", "correlationVector":"4GGLSYFrKFc2SAhYmge2vD","action":"Commit Request", "result":"", "context":Item count: 40
Contributing types: Passwords}
{"logTime": "0508/042653", "correlationVector":"4GGLSYFrKFc2SAhYmge2vD.1","action":"SyncServerConnectionManagerRequest", "result":"SYNC_SERVER_OK", "context":{"environment":"Prod_centralus_prod-s01-068-nam-centralus", "migrationStage":"NotStarted", "server":"akswtt007000035"}}
{"logTime": "0508/042653", "correlationVector":"4GGLSYFrKFc2SAhYmge2vD.2","action":"Commit Response", "result":"Success", "context":Result: Success. cV=4GGLSYFrKFc2SAhYmge2vD.0;server=akswtt007000035;cloudType=Consumer;environment=Prod_centralus_prod-s01-068-nam-centralus;migrationStage=NotStarted}
{"logTime": "0508/042653", "correlationVector":"IXTfmq/5Lw8mctf23thnp4","action":"Commit Request", "result":"", "context":Item count: 40
Contributing types: Passwords}
{"logTime": "0508/042655", "correlationVector":"IXTfmq/5Lw8mctf23thnp4.1","action":"SyncServerConnectionManagerRequest", "result":"SYNC_SERVER_OK", "context":{"environment":"Prod_centralus_prod-s01-068-nam-centralus", "migrationStage":"NotStarted", "server":"akswtt00700001n"}}
{"logTime": "0508/042655", "correlationVector":"IXTfmq/5Lw8mctf23thnp4.2","action":"Commit Response", "result":"Success", "context":Result: Success. cV=IXTfmq/5Lw8mctf23thnp4.0;server=akswtt00700001n;cloudType=Consumer;environment=Prod_centralus_prod-s01-068-nam-centralus;migrationStage=NotStarted}
{"logTime": "0508/042655", "correlationVector":"ZPpw+6lZv6gVpu9ILdiji2","action":"Commit Request", "result":"", "context":Item count: 26
Contributing types: Preferences, Passwords, Sessions, History}
{"logTime": "0508/042657", "correlationVector":"ZPpw+6lZv6gVpu9ILdiji2.1","action":"SyncServerConnectionManagerRequest", "result":"SYNC_SERVER_OK", "context":{"environment":"Prod_centralus_prod-s01-068-nam-centralus", "migrationStage":"NotStarted", "server":"akswtt00700002q"}}
{"logTime": "0508/042657", "correlationVector":"ZPpw+6lZv6gVpu9ILdiji2.2","action":"Commit Response", "result":"Success", "context":Result: Success. cV=ZPpw+6lZv6gVpu9ILdiji2.0;server=akswtt00700002q;cloudType=Consumer;environment=Prod_centralus_prod-s01-068-nam-centralus;migrationStage=NotStarted}
{"logTime": "0508/042915", "correlationVector":"nQiPsDPkn/Yf5KOp1f8zKk","action":"Commit Request", "result":"", "context":Item count: 1
Contributing types: Sessions}
{"logTime": "0508/042915", "correlationVector":"nQiPsDPkn/Yf5KOp1f8zKk.1","action":"SyncServerConnectionManagerRequest", "result":"SYNC_SERVER_OK", "context":{"environment":"Prod_centralus_prod-s01-068-nam-centralus", "migrationStage":"NotStarted", "server":"akswtt00700001n"}}
{"logTime": "0508/042915", "correlationVector":"nQiPsDPkn/Yf5KOp1f8zKk.2","action":"Commit Response", "result":"Success", "context":Result: Success. cV=nQiPsDPkn/Yf5KOp1f8zKk.0;server=akswtt00700001n;cloudType=Consumer;environment=Prod_centralus_prod-s01-068-nam-centralus;migrationStage=NotStarted}
